{"/Users/amrouche.7/wmsforge-v2/src/contexts/NotificationContext.tsx": {"path":"/Users/amrouche.7/wmsforge-v2/src/contexts/NotificationContext.tsx","statementMap":{"0":{"start":{"line":28,"column":6},"end":{"line":28,"column":null}},"1":{"start":{"line":34,"column":2},"end":{"line":34,"column":null}},"2":{"start":{"line":44,"column":2},"end":{"line":44,"column":null}},"3":{"start":{"line":44,"column":19},"end":{"line":44,"column":51}},"4":{"start":{"line":48,"column":40},"end":{"line":48,"column":null}},"5":{"start":{"line":50,"column":8},"end":{"line":52,"column":null}},"6":{"start":{"line":51,"column":4},"end":{"line":51,"column":null}},"7":{"start":{"line":51,"column":29},"end":{"line":51,"column":58}},"8":{"start":{"line":51,"column":46},"end":{"line":51,"column":57}},"9":{"start":{"line":54,"column":8},"end":{"line":66,"column":null}},"10":{"start":{"line":57,"column":42},"end":{"line":62,"column":null}},"11":{"start":{"line":64,"column":4},"end":{"line":64,"column":null}},"12":{"start":{"line":64,"column":29},"end":{"line":64,"column":55}},"13":{"start":{"line":65,"column":4},"end":{"line":65,"column":null}},"14":{"start":{"line":68,"column":8},"end":{"line":72,"column":null}},"15":{"start":{"line":69,"column":4},"end":{"line":71,"column":null}},"16":{"start":{"line":70,"column":6},"end":{"line":70,"column":null}},"17":{"start":{"line":70,"column":20},"end":{"line":70,"column":58}},"18":{"start":{"line":74,"column":8},"end":{"line":78,"column":null}},"19":{"start":{"line":75,"column":4},"end":{"line":77,"column":null}},"20":{"start":{"line":76,"column":6},"end":{"line":76,"column":null}},"21":{"start":{"line":76,"column":21},"end":{"line":76,"column":42}},"22":{"start":{"line":80,"column":8},"end":{"line":82,"column":null}},"23":{"start":{"line":81,"column":4},"end":{"line":81,"column":null}},"24":{"start":{"line":81,"column":29},"end":{"line":81,"column":58}},"25":{"start":{"line":81,"column":46},"end":{"line":81,"column":57}},"26":{"start":{"line":84,"column":8},"end":{"line":86,"column":null}},"27":{"start":{"line":85,"column":4},"end":{"line":85,"column":null}},"28":{"start":{"line":88,"column":22},"end":{"line":88,"column":null}},"29":{"start":{"line":88,"column":48},"end":{"line":88,"column":55}},"30":{"start":{"line":90,"column":2},"end":{"line":103,"column":null}},"31":{"start":{"line":108,"column":8},"end":{"line":108,"column":null}},"32":{"start":{"line":109,"column":2},"end":{"line":111,"column":null}},"33":{"start":{"line":110,"column":4},"end":{"line":110,"column":null}},"34":{"start":{"line":112,"column":2},"end":{"line":112,"column":null}}},"fnMap":{"0":{"name":"generateNotificationId","decl":{"start":{"line":33,"column":9},"end":{"line":33,"column":42}},"loc":{"start":{"line":33,"column":42},"end":{"line":35,"column":null}},"line":33},"1":{"name":"scheduleAutoRemoval","decl":{"start":{"line":40,"column":9},"end":{"line":40,"column":null}},"loc":{"start":{"line":43,"column":8},"end":{"line":45,"column":null}},"line":43},"2":{"name":"(anonymous_2)","decl":{"start":{"line":44,"column":13},"end":{"line":44,"column":19}},"loc":{"start":{"line":44,"column":19},"end":{"line":44,"column":51}},"line":44},"3":{"name":"NotificationProvider","decl":{"start":{"line":47,"column":16},"end":{"line":47,"column":37}},"loc":{"start":{"line":47,"column":76},"end":{"line":105,"column":null}},"line":47},"4":{"name":"(anonymous_4)","decl":{"start":{"line":50,"column":45},"end":{"line":50,"column":46}},"loc":{"start":{"line":50,"column":61},"end":{"line":52,"column":5}},"line":50},"5":{"name":"(anonymous_5)","decl":{"start":{"line":51,"column":21},"end":{"line":51,"column":29}},"loc":{"start":{"line":51,"column":29},"end":{"line":51,"column":58}},"line":51},"6":{"name":"(anonymous_6)","decl":{"start":{"line":51,"column":41},"end":{"line":51,"column":46}},"loc":{"start":{"line":51,"column":46},"end":{"line":51,"column":57}},"line":51},"7":{"name":"(anonymous_7)","decl":{"start":{"line":54,"column":38},"end":{"line":54,"column":null}},"loc":{"start":{"line":56,"column":7},"end":{"line":66,"column":5}},"line":56},"8":{"name":"(anonymous_8)","decl":{"start":{"line":64,"column":21},"end":{"line":64,"column":29}},"loc":{"start":{"line":64,"column":29},"end":{"line":64,"column":55}},"line":64},"9":{"name":"(anonymous_9)","decl":{"start":{"line":68,"column":33},"end":{"line":68,"column":34}},"loc":{"start":{"line":68,"column":49},"end":{"line":72,"column":5}},"line":68},"10":{"name":"(anonymous_10)","decl":{"start":{"line":69,"column":21},"end":{"line":69,"column":null}},"loc":{"start":{"line":70,"column":6},"end":{"line":70,"column":null}},"line":70},"11":{"name":"(anonymous_11)","decl":{"start":{"line":70,"column":15},"end":{"line":70,"column":20}},"loc":{"start":{"line":70,"column":20},"end":{"line":70,"column":58}},"line":70},"12":{"name":"(anonymous_12)","decl":{"start":{"line":74,"column":36},"end":{"line":74,"column":42}},"loc":{"start":{"line":74,"column":42},"end":{"line":78,"column":5}},"line":74},"13":{"name":"(anonymous_13)","decl":{"start":{"line":75,"column":21},"end":{"line":75,"column":null}},"loc":{"start":{"line":76,"column":6},"end":{"line":76,"column":null}},"line":76},"14":{"name":"(anonymous_14)","decl":{"start":{"line":76,"column":15},"end":{"line":76,"column":21}},"loc":{"start":{"line":76,"column":21},"end":{"line":76,"column":42}},"line":76},"15":{"name":"(anonymous_15)","decl":{"start":{"line":80,"column":41},"end":{"line":80,"column":42}},"loc":{"start":{"line":80,"column":57},"end":{"line":82,"column":5}},"line":80},"16":{"name":"(anonymous_16)","decl":{"start":{"line":81,"column":21},"end":{"line":81,"column":29}},"loc":{"start":{"line":81,"column":29},"end":{"line":81,"column":58}},"line":81},"17":{"name":"(anonymous_17)","decl":{"start":{"line":81,"column":41},"end":{"line":81,"column":46}},"loc":{"start":{"line":81,"column":46},"end":{"line":81,"column":57}},"line":81},"18":{"name":"(anonymous_18)","decl":{"start":{"line":84,"column":31},"end":{"line":84,"column":37}},"loc":{"start":{"line":84,"column":37},"end":{"line":86,"column":5}},"line":84},"19":{"name":"(anonymous_19)","decl":{"start":{"line":88,"column":43},"end":{"line":88,"column":48}},"loc":{"start":{"line":88,"column":48},"end":{"line":88,"column":55}},"line":88},"20":{"name":"useNotifications","decl":{"start":{"line":107,"column":16},"end":{"line":107,"column":35}},"loc":{"start":{"line":107,"column":35},"end":{"line":113,"column":null}},"line":107}},"branchMap":{"0":{"loc":{"start":{"line":70,"column":20},"end":{"line":70,"column":58}},"type":"cond-expr","locations":[{"start":{"line":70,"column":34},"end":{"line":70,"column":57}},{"start":{"line":70,"column":57},"end":{"line":70,"column":58}}],"line":70},"1":{"loc":{"start":{"line":109,"column":2},"end":{"line":111,"column":null}},"type":"if","locations":[{"start":{"line":109,"column":2},"end":{"line":111,"column":null}},{"start":{},"end":{}}],"line":109}},"s":{"0":1,"1":26,"2":26,"3":1,"4":44,"5":44,"6":1,"7":1,"8":1,"9":44,"10":26,"11":26,"12":26,"13":26,"14":44,"15":4,"16":4,"17":9,"18":44,"19":2,"20":2,"21":3,"22":44,"23":2,"24":2,"25":3,"26":44,"27":1,"28":44,"29":39,"30":44,"31":48,"32":48,"33":4,"34":44},"f":{"0":26,"1":26,"2":1,"3":44,"4":1,"5":1,"6":1,"7":26,"8":26,"9":4,"10":4,"11":9,"12":2,"13":2,"14":3,"15":2,"16":2,"17":3,"18":1,"19":39,"20":48},"b":{"0":[4,5],"1":[4,44]},"meta":{"lastBranch":2,"lastFunction":21,"lastStatement":35,"seen":{"s:28:6:28:Infinity":0,"f:33:9:33:42":0,"s:34:2:34:Infinity":1,"f:40:9:40:Infinity":1,"s:44:2:44:Infinity":2,"f:44:13:44:19":2,"s:44:19:44:51":3,"f:47:16:47:37":3,"s:48:40:48:Infinity":4,"s:50:8:52:Infinity":5,"f:50:45:50:46":4,"s:51:4:51:Infinity":6,"f:51:21:51:29":5,"s:51:29:51:58":7,"f:51:41:51:46":6,"s:51:46:51:57":8,"s:54:8:66:Infinity":9,"f:54:38:54:Infinity":7,"s:57:42:62:Infinity":10,"s:64:4:64:Infinity":11,"f:64:21:64:29":8,"s:64:29:64:55":12,"s:65:4:65:Infinity":13,"s:68:8:72:Infinity":14,"f:68:33:68:34":9,"s:69:4:71:Infinity":15,"f:69:21:69:Infinity":10,"s:70:6:70:Infinity":16,"f:70:15:70:20":11,"s:70:20:70:58":17,"b:70:34:70:57:70:57:70:58":0,"s:74:8:78:Infinity":18,"f:74:36:74:42":12,"s:75:4:77:Infinity":19,"f:75:21:75:Infinity":13,"s:76:6:76:Infinity":20,"f:76:15:76:21":14,"s:76:21:76:42":21,"s:80:8:82:Infinity":22,"f:80:41:80:42":15,"s:81:4:81:Infinity":23,"f:81:21:81:29":16,"s:81:29:81:58":24,"f:81:41:81:46":17,"s:81:46:81:57":25,"s:84:8:86:Infinity":26,"f:84:31:84:37":18,"s:85:4:85:Infinity":27,"s:88:22:88:Infinity":28,"f:88:43:88:48":19,"s:88:48:88:55":29,"s:90:2:103:Infinity":30,"f:107:16:107:35":20,"s:108:8:108:Infinity":31,"b:109:2:111:Infinity:undefined:undefined:undefined:undefined":1,"s:109:2:111:Infinity":32,"s:110:4:110:Infinity":33,"s:112:2:112:Infinity":34}}}
,"/Users/amrouche.7/wmsforge-v2/src/lib/warehouse.ts": {"path":"/Users/amrouche.7/wmsforge-v2/src/lib/warehouse.ts","statementMap":{"0":{"start":{"line":139,"column":80},"end":{"line":148,"column":null}},"1":{"start":{"line":151,"column":57},"end":{"line":160,"column":null}},"2":{"start":{"line":163,"column":58},"end":{"line":171,"column":null}},"3":{"start":{"line":174,"column":25},"end":{"line":174,"column":null}},"4":{"start":{"line":175,"column":30},"end":{"line":175,"column":null}},"5":{"start":{"line":177,"column":26},"end":{"line":179,"column":null}},"6":{"start":{"line":178,"column":2},"end":{"line":178,"column":null}},"7":{"start":{"line":181,"column":26},"end":{"line":183,"column":null}},"8":{"start":{"line":182,"column":2},"end":{"line":182,"column":null}},"9":{"start":{"line":185,"column":28},"end":{"line":200,"column":null}},"10":{"start":{"line":186,"column":2},"end":{"line":199,"column":null}},"11":{"start":{"line":188,"column":6},"end":{"line":188,"column":null}},"12":{"start":{"line":190,"column":6},"end":{"line":190,"column":null}},"13":{"start":{"line":192,"column":6},"end":{"line":192,"column":null}},"14":{"start":{"line":194,"column":6},"end":{"line":194,"column":null}},"15":{"start":{"line":196,"column":6},"end":{"line":196,"column":null}},"16":{"start":{"line":198,"column":6},"end":{"line":198,"column":null}},"17":{"start":{"line":203,"column":28},"end":{"line":208,"column":null}},"18":{"start":{"line":204,"column":2},"end":{"line":206,"column":null}},"19":{"start":{"line":205,"column":4},"end":{"line":205,"column":null}},"20":{"start":{"line":207,"column":2},"end":{"line":207,"column":null}},"21":{"start":{"line":211,"column":24},"end":{"line":222,"column":null}},"22":{"start":{"line":212,"column":48},"end":{"line":220,"column":null}},"23":{"start":{"line":221,"column":2},"end":{"line":221,"column":null}}},"fnMap":{"0":{"name":"(anonymous_0)","decl":{"start":{"line":177,"column":26},"end":{"line":177,"column":32}},"loc":{"start":{"line":177,"column":32},"end":{"line":179,"column":null}},"line":177},"1":{"name":"(anonymous_1)","decl":{"start":{"line":181,"column":26},"end":{"line":181,"column":27}},"loc":{"start":{"line":181,"column":83},"end":{"line":183,"column":null}},"line":181},"2":{"name":"(anonymous_2)","decl":{"start":{"line":185,"column":28},"end":{"line":185,"column":29}},"loc":{"start":{"line":185,"column":76},"end":{"line":200,"column":null}},"line":185},"3":{"name":"(anonymous_3)","decl":{"start":{"line":203,"column":28},"end":{"line":203,"column":29}},"loc":{"start":{"line":203,"column":101},"end":{"line":208,"column":null}},"line":203},"4":{"name":"(anonymous_4)","decl":{"start":{"line":211,"column":24},"end":{"line":211,"column":25}},"loc":{"start":{"line":211,"column":57},"end":{"line":222,"column":null}},"line":211}},"branchMap":{"0":{"loc":{"start":{"line":181,"column":42},"end":{"line":181,"column":83}},"type":"default-arg","locations":[{"start":{"line":181,"column":61},"end":{"line":181,"column":83}}],"line":181},"1":{"loc":{"start":{"line":186,"column":2},"end":{"line":199,"column":null}},"type":"switch","locations":[{"start":{"line":187,"column":4},"end":{"line":188,"column":null}},{"start":{"line":189,"column":4},"end":{"line":190,"column":null}},{"start":{"line":191,"column":4},"end":{"line":192,"column":null}},{"start":{"line":193,"column":4},"end":{"line":194,"column":null}},{"start":{"line":195,"column":4},"end":{"line":196,"column":null}},{"start":{"line":197,"column":4},"end":{"line":198,"column":null}}],"line":186},"2":{"loc":{"start":{"line":204,"column":2},"end":{"line":206,"column":null}},"type":"if","locations":[{"start":{"line":204,"column":2},"end":{"line":206,"column":null}},{"start":{},"end":{}}],"line":204},"3":{"loc":{"start":{"line":207,"column":9},"end":{"line":207,"column":null}},"type":"binary-expr","locations":[{"start":{"line":207,"column":9},"end":{"line":207,"column":61}},{"start":{"line":207,"column":61},"end":{"line":207,"column":null}}],"line":207}},"s":{"0":1,"1":1,"2":1,"3":1,"4":1,"5":1,"6":3,"7":1,"8":17,"9":1,"10":25,"11":4,"12":3,"13":4,"14":5,"15":5,"16":4,"17":1,"18":22,"19":4,"20":18,"21":1,"22":19,"23":19},"f":{"0":3,"1":17,"2":25,"3":22,"4":19},"b":{"0":[17],"1":[4,3,4,5,5,4],"2":[4,18],"3":[18,12]},"meta":{"lastBranch":4,"lastFunction":5,"lastStatement":24,"seen":{"s:139:80:148:Infinity":0,"s:151:57:160:Infinity":1,"s:163:58:171:Infinity":2,"s:174:25:174:Infinity":3,"s:175:30:175:Infinity":4,"s:177:26:179:Infinity":5,"f:177:26:177:32":0,"s:178:2:178:Infinity":6,"s:181:26:183:Infinity":7,"f:181:26:181:27":1,"b:181:61:181:83":0,"s:182:2:182:Infinity":8,"s:185:28:200:Infinity":9,"f:185:28:185:29":2,"b:187:4:188:Infinity:189:4:190:Infinity:191:4:192:Infinity:193:4:194:Infinity:195:4:196:Infinity:197:4:198:Infinity":1,"s:186:2:199:Infinity":10,"s:188:6:188:Infinity":11,"s:190:6:190:Infinity":12,"s:192:6:192:Infinity":13,"s:194:6:194:Infinity":14,"s:196:6:196:Infinity":15,"s:198:6:198:Infinity":16,"s:203:28:208:Infinity":17,"f:203:28:203:29":3,"b:204:2:206:Infinity:undefined:undefined:undefined:undefined":2,"s:204:2:206:Infinity":18,"s:205:4:205:Infinity":19,"s:207:2:207:Infinity":20,"b:207:9:207:61:207:61:207:Infinity":3,"s:211:24:222:Infinity":21,"f:211:24:211:25":4,"s:212:48:220:Infinity":22,"s:221:2:221:Infinity":23}}}
}
