TN:
SF:src/contexts/NotificationContext.tsx
FN:33,generateNotificationId
FN:40,scheduleAutoRemoval
FN:44,(anonymous_2)
FN:47,NotificationProvider
FN:50,(anonymous_4)
FN:51,(anonymous_5)
FN:51,(anonymous_6)
FN:54,(anonymous_7)
FN:64,(anonymous_8)
FN:68,(anonymous_9)
FN:69,(anonymous_10)
FN:70,(anonymous_11)
FN:74,(anonymous_12)
FN:75,(anonymous_13)
FN:76,(anonymous_14)
FN:80,(anonymous_15)
FN:81,(anonymous_16)
FN:81,(anonymous_17)
FN:84,(anonymous_18)
FN:88,(anonymous_19)
FN:107,useNotifications
FNF:21
FNH:21
FNDA:26,generateNotificationId
FNDA:26,scheduleAutoRemoval
FNDA:1,(anonymous_2)
FNDA:44,NotificationProvider
FNDA:1,(anonymous_4)
FNDA:1,(anonymous_5)
FNDA:1,(anonymous_6)
FNDA:26,(anonymous_7)
FNDA:26,(anonymous_8)
FNDA:4,(anonymous_9)
FNDA:4,(anonymous_10)
FNDA:9,(anonymous_11)
FNDA:2,(anonymous_12)
FNDA:2,(anonymous_13)
FNDA:3,(anonymous_14)
FNDA:2,(anonymous_15)
FNDA:2,(anonymous_16)
FNDA:3,(anonymous_17)
FNDA:1,(anonymous_18)
FNDA:39,(anonymous_19)
FNDA:48,useNotifications
DA:28,1
DA:34,26
DA:44,26
DA:48,44
DA:50,44
DA:51,1
DA:54,44
DA:57,26
DA:64,26
DA:65,26
DA:68,44
DA:69,4
DA:70,9
DA:74,44
DA:75,2
DA:76,3
DA:80,44
DA:81,3
DA:84,44
DA:85,1
DA:88,44
DA:90,44
DA:108,48
DA:109,48
DA:110,4
DA:112,44
LF:26
LH:26
BRDA:70,0,0,4
BRDA:70,0,1,5
BRDA:109,1,0,4
BRDA:109,1,1,44
BRF:4
BRH:4
end_of_record
TN:
SF:src/lib/warehouse.ts
FN:177,(anonymous_0)
FN:181,(anonymous_1)
FN:185,(anonymous_2)
FN:203,(anonymous_3)
FN:211,(anonymous_4)
FNF:5
FNH:5
FNDA:3,(anonymous_0)
FNDA:17,(anonymous_1)
FNDA:25,(anonymous_2)
FNDA:22,(anonymous_3)
FNDA:19,(anonymous_4)
DA:139,1
DA:151,1
DA:163,1
DA:174,1
DA:175,1
DA:177,1
DA:178,3
DA:181,1
DA:182,17
DA:185,1
DA:186,25
DA:188,4
DA:190,3
DA:192,4
DA:194,5
DA:196,5
DA:198,4
DA:203,1
DA:204,22
DA:205,4
DA:207,18
DA:211,1
DA:212,19
DA:221,19
LF:24
LH:24
BRDA:181,0,0,17
BRDA:186,1,0,4
BRDA:186,1,1,3
BRDA:186,1,2,4
BRDA:186,1,3,5
BRDA:186,1,4,5
BRDA:186,1,5,4
BRDA:204,2,0,4
BRDA:204,2,1,18
BRDA:207,3,0,18
BRDA:207,3,1,12
BRF:11
BRH:11
end_of_record
